build/app/intermediates/manifest_merge_blame_file/debug/manifest-merger-blame-debug-report.txt
1<?xml version="1.0" encoding="utf-8"?>
2<manifest xmlns:android="http://schemas.android.com/apk/res/android"
3    package="com.example.hella"
4    android:versionCode="1"
5    android:versionName="1.0.0" >
6
7    <uses-sdk
8        android:minSdkVersion="21"
9        android:targetSdkVersion="35" />
10    <!--
11         The INTERNET permission is required for development. Specifically,
12         the Flutter tool needs it to communicate with the running application
13         to allow setting breakpoints, to provide hot reload, etc.
14    -->
15    <uses-permission android:name="android.permission.INTERNET" />
15-->src/main/AndroidManifest.xml:2:5-66
15-->src/main/AndroidManifest.xml:2:22-64
16    <uses-permission android:name="android.permission.ACCESS_FINE_LOCATION" />
16-->src/main/AndroidManifest.xml:3:5-78
16-->src/main/AndroidManifest.xml:3:22-76
17    <uses-permission android:name="android.permission.ACCESS_COARSE_LOCATION" />
17-->src/main/AndroidManifest.xml:4:5-80
17-->src/main/AndroidManifest.xml:4:22-78
18    <uses-permission android:name="android.permission.CAMERA" />
18-->src/main/AndroidManifest.xml:5:5-65
18-->src/main/AndroidManifest.xml:5:22-62
19    <!--
20 Required to query activities that can process text, see:
21         https://developer.android.com/training/package-visibility and
22         https://developer.android.com/reference/android/content/Intent#ACTION_PROCESS_TEXT.
23
24         In particular, this is used by the Flutter engine in io.flutter.plugin.text.ProcessTextPlugin.
25    -->
26    <queries>
26-->src/main/AndroidManifest.xml:46:5-51:15
27        <intent>
27-->src/main/AndroidManifest.xml:47:9-50:18
28            <action android:name="android.intent.action.PROCESS_TEXT" />
28-->src/main/AndroidManifest.xml:48:13-72
28-->src/main/AndroidManifest.xml:48:21-70
29
30            <data android:mimeType="text/plain" />
30-->src/main/AndroidManifest.xml:49:13-50
30-->src/main/AndroidManifest.xml:49:19-48
31        </intent>
32        <!-- Needs to be explicitly declared on Android R+ -->
33        <package android:name="com.google.android.apps.maps" />
33-->[com.google.android.gms:play-services-maps:18.2.0] AndroidManifest.xml:33:9-64
33-->[com.google.android.gms:play-services-maps:18.2.0] AndroidManifest.xml:33:18-61
34    </queries> <!-- Include required permissions for Google Maps API to run. -->
35    <uses-permission android:name="android.permission.ACCESS_NETWORK_STATE" />
35-->[com.google.android.gms:play-services-maps:18.2.0] AndroidManifest.xml:23:5-79
35-->[com.google.android.gms:play-services-maps:18.2.0] AndroidManifest.xml:23:22-76
36
37    <uses-feature
37-->[com.google.android.gms:play-services-maps:18.2.0] AndroidManifest.xml:26:5-28:35
38        android:glEsVersion="0x00020000"
38-->[com.google.android.gms:play-services-maps:18.2.0] AndroidManifest.xml:27:9-41
39        android:required="true" />
39-->[com.google.android.gms:play-services-maps:18.2.0] AndroidManifest.xml:28:9-32
40
41    <permission
41-->[androidx.core:core:1.13.1] AndroidManifest.xml:22:5-24:47
42        android:name="com.example.hella.DYNAMIC_RECEIVER_NOT_EXPORTED_PERMISSION"
42-->[androidx.core:core:1.13.1] AndroidManifest.xml:23:9-81
43        android:protectionLevel="signature" />
43-->[androidx.core:core:1.13.1] AndroidManifest.xml:24:9-44
44
45    <uses-permission android:name="com.example.hella.DYNAMIC_RECEIVER_NOT_EXPORTED_PERMISSION" />
45-->[androidx.core:core:1.13.1] AndroidManifest.xml:26:5-97
45-->[androidx.core:core:1.13.1] AndroidManifest.xml:26:22-94
46
47    <application
48        android:name="android.app.Application"
49        android:appComponentFactory="androidx.core.app.CoreComponentFactory"
49-->[androidx.core:core:1.13.1] AndroidManifest.xml:28:18-86
50        android:debuggable="true"
51        android:extractNativeLibs="true"
52        android:icon="@mipmap/ic_launcher"
53        android:label="hella" >
54        <activity
55            android:name="com.example.hella.MainActivity"
56            android:configChanges="orientation|keyboardHidden|keyboard|screenSize|smallestScreenSize|locale|layoutDirection|fontScale|screenLayout|density|uiMode"
57            android:exported="true"
58            android:hardwareAccelerated="true"
59            android:launchMode="singleTop"
60            android:taskAffinity=""
61            android:theme="@style/LaunchTheme"
62            android:windowSoftInputMode="adjustResize" >
63
64            <!--
65                 Specifies an Android theme to apply to this Activity as soon as
66                 the Android process has started. This theme is visible to the user
67                 while the Flutter UI initializes. After that, this theme continues
68                 to determine the Window background behind the Flutter UI.
69            -->
70            <meta-data
71                android:name="io.flutter.embedding.android.NormalTheme"
72                android:resource="@style/NormalTheme" />
73
74            <intent-filter>
75                <action android:name="android.intent.action.MAIN" />
76
77                <category android:name="android.intent.category.LAUNCHER" />
78            </intent-filter>
79        </activity>
80        <!--
81             Don't delete the meta-data below.
82             This is used by the Flutter tool to generate GeneratedPluginRegistrant.java
83        -->
84        <meta-data
85            android:name="flutterEmbedding"
86            android:value="2" />
87        <meta-data
88            android:name="com.google.android.geo.API_KEY"
89            android:value="AIzaSyAZfI3YEzKjGMEbg6HhlinS8BudcAtzw5A" />
90
91        <provider
91-->[:image_picker_android] AndroidManifest.xml:9:9-17:20
92            android:name="io.flutter.plugins.imagepicker.ImagePickerFileProvider"
92-->[:image_picker_android] AndroidManifest.xml:10:13-82
93            android:authorities="com.example.hella.flutter.image_provider"
93-->[:image_picker_android] AndroidManifest.xml:11:13-74
94            android:exported="false"
94-->[:image_picker_android] AndroidManifest.xml:12:13-37
95            android:grantUriPermissions="true" >
95-->[:image_picker_android] AndroidManifest.xml:13:13-47
96            <meta-data
96-->[:image_picker_android] AndroidManifest.xml:14:13-16:75
97                android:name="android.support.FILE_PROVIDER_PATHS"
97-->[:image_picker_android] AndroidManifest.xml:15:17-67
98                android:resource="@xml/flutter_image_picker_file_paths" />
98-->[:image_picker_android] AndroidManifest.xml:16:17-72
99        </provider> <!-- Trigger Google Play services to install the backported photo picker module. -->
100        <service
100-->[:image_picker_android] AndroidManifest.xml:19:9-31:19
101            android:name="com.google.android.gms.metadata.ModuleDependencies"
101-->[:image_picker_android] AndroidManifest.xml:20:13-78
102            android:enabled="false"
102-->[:image_picker_android] AndroidManifest.xml:21:13-36
103            android:exported="false" >
103-->[:image_picker_android] AndroidManifest.xml:22:13-37
104            <intent-filter>
104-->[:image_picker_android] AndroidManifest.xml:24:13-26:29
105                <action android:name="com.google.android.gms.metadata.MODULE_DEPENDENCIES" />
105-->[:image_picker_android] AndroidManifest.xml:25:17-94
105-->[:image_picker_android] AndroidManifest.xml:25:25-91
106            </intent-filter>
107
108            <meta-data
108-->[:image_picker_android] AndroidManifest.xml:28:13-30:36
109                android:name="photopicker_activity:0:required"
109-->[:image_picker_android] AndroidManifest.xml:29:17-63
110                android:value="" />
110-->[:image_picker_android] AndroidManifest.xml:30:17-33
111        </service> <!-- Needs to be explicitly declared on P+ -->
112        <uses-library
112-->[com.google.android.gms:play-services-maps:18.2.0] AndroidManifest.xml:39:9-41:40
113            android:name="org.apache.http.legacy"
113-->[com.google.android.gms:play-services-maps:18.2.0] AndroidManifest.xml:40:13-50
114            android:required="false" />
114-->[com.google.android.gms:play-services-maps:18.2.0] AndroidManifest.xml:41:13-37
115
116        <activity
116-->[com.google.android.gms:play-services-base:18.0.1] AndroidManifest.xml:20:9-22:45
117            android:name="com.google.android.gms.common.api.GoogleApiActivity"
117-->[com.google.android.gms:play-services-base:18.0.1] AndroidManifest.xml:20:19-85
118            android:exported="false"
118-->[com.google.android.gms:play-services-base:18.0.1] AndroidManifest.xml:22:19-43
119            android:theme="@android:style/Theme.Translucent.NoTitleBar" />
119-->[com.google.android.gms:play-services-base:18.0.1] AndroidManifest.xml:21:19-78
120
121        <meta-data
121-->[com.google.android.gms:play-services-basement:18.0.0] AndroidManifest.xml:21:9-23:69
122            android:name="com.google.android.gms.version"
122-->[com.google.android.gms:play-services-basement:18.0.0] AndroidManifest.xml:22:13-58
123            android:value="@integer/google_play_services_version" />
123-->[com.google.android.gms:play-services-basement:18.0.0] AndroidManifest.xml:23:13-66
124
125        <uses-library
125-->[androidx.window:window:1.2.0] AndroidManifest.xml:23:9-25:40
126            android:name="androidx.window.extensions"
126-->[androidx.window:window:1.2.0] AndroidManifest.xml:24:13-54
127            android:required="false" />
127-->[androidx.window:window:1.2.0] AndroidManifest.xml:25:13-37
128        <uses-library
128-->[androidx.window:window:1.2.0] AndroidManifest.xml:26:9-28:40
129            android:name="androidx.window.sidecar"
129-->[androidx.window:window:1.2.0] AndroidManifest.xml:27:13-51
130            android:required="false" />
130-->[androidx.window:window:1.2.0] AndroidManifest.xml:28:13-37
131
132        <provider
132-->[androidx.lifecycle:lifecycle-process:2.7.0] AndroidManifest.xml:24:9-32:20
133            android:name="androidx.startup.InitializationProvider"
133-->[androidx.lifecycle:lifecycle-process:2.7.0] AndroidManifest.xml:25:13-67
134            android:authorities="com.example.hella.androidx-startup"
134-->[androidx.lifecycle:lifecycle-process:2.7.0] AndroidManifest.xml:26:13-68
135            android:exported="false" >
135-->[androidx.lifecycle:lifecycle-process:2.7.0] AndroidManifest.xml:27:13-37
136            <meta-data
136-->[androidx.lifecycle:lifecycle-process:2.7.0] AndroidManifest.xml:29:13-31:52
137                android:name="androidx.lifecycle.ProcessLifecycleInitializer"
137-->[androidx.lifecycle:lifecycle-process:2.7.0] AndroidManifest.xml:30:17-78
138                android:value="androidx.startup" />
138-->[androidx.lifecycle:lifecycle-process:2.7.0] AndroidManifest.xml:31:17-49
139            <meta-data
139-->[androidx.profileinstaller:profileinstaller:1.3.1] AndroidManifest.xml:29:13-31:52
140                android:name="androidx.profileinstaller.ProfileInstallerInitializer"
140-->[androidx.profileinstaller:profileinstaller:1.3.1] AndroidManifest.xml:30:17-85
141                android:value="androidx.startup" />
141-->[androidx.profileinstaller:profileinstaller:1.3.1] AndroidManifest.xml:31:17-49
142        </provider>
143
144        <receiver
144-->[androidx.profileinstaller:profileinstaller:1.3.1] AndroidManifest.xml:34:9-52:20
145            android:name="androidx.profileinstaller.ProfileInstallReceiver"
145-->[androidx.profileinstaller:profileinstaller:1.3.1] AndroidManifest.xml:35:13-76
146            android:directBootAware="false"
146-->[androidx.profileinstaller:profileinstaller:1.3.1] AndroidManifest.xml:36:13-44
147            android:enabled="true"
147-->[androidx.profileinstaller:profileinstaller:1.3.1] AndroidManifest.xml:37:13-35
148            android:exported="true"
148-->[androidx.profileinstaller:profileinstaller:1.3.1] AndroidManifest.xml:38:13-36
149            android:permission="android.permission.DUMP" >
149-->[androidx.profileinstaller:profileinstaller:1.3.1] AndroidManifest.xml:39:13-57
150            <intent-filter>
150-->[androidx.profileinstaller:profileinstaller:1.3.1] AndroidManifest.xml:40:13-42:29
151                <action android:name="androidx.profileinstaller.action.INSTALL_PROFILE" />
151-->[androidx.profileinstaller:profileinstaller:1.3.1] AndroidManifest.xml:41:17-91
151-->[androidx.profileinstaller:profileinstaller:1.3.1] AndroidManifest.xml:41:25-88
152            </intent-filter>
153            <intent-filter>
153-->[androidx.profileinstaller:profileinstaller:1.3.1] AndroidManifest.xml:43:13-45:29
154                <action android:name="androidx.profileinstaller.action.SKIP_FILE" />
154-->[androidx.profileinstaller:profileinstaller:1.3.1] AndroidManifest.xml:44:17-85
154-->[androidx.profileinstaller:profileinstaller:1.3.1] AndroidManifest.xml:44:25-82
155            </intent-filter>
156            <intent-filter>
156-->[androidx.profileinstaller:profileinstaller:1.3.1] AndroidManifest.xml:46:13-48:29
157                <action android:name="androidx.profileinstaller.action.SAVE_PROFILE" />
157-->[androidx.profileinstaller:profileinstaller:1.3.1] AndroidManifest.xml:47:17-88
157-->[androidx.profileinstaller:profileinstaller:1.3.1] AndroidManifest.xml:47:25-85
158            </intent-filter>
159            <intent-filter>
159-->[androidx.profileinstaller:profileinstaller:1.3.1] AndroidManifest.xml:49:13-51:29
160                <action android:name="androidx.profileinstaller.action.BENCHMARK_OPERATION" />
160-->[androidx.profileinstaller:profileinstaller:1.3.1] AndroidManifest.xml:50:17-95
160-->[androidx.profileinstaller:profileinstaller:1.3.1] AndroidManifest.xml:50:25-92
161            </intent-filter>
162        </receiver>
163    </application>
164
165</manifest>